<?xml version="1.0" encoding="utf-8"?><testsuites><testsuite errors="0" failures="0" hostname="fv-az246-318" name="pytest" skipped="1" tests="24" time="4.930" timestamp="2021-03-19T09:34:12.494919"><testcase classname="qdscreen.tests.test_core" name="test_adjacency_strict" time="0.034" /><testcase classname="qdscreen.tests.test_core" name="test_adjacency_invalid_thresholds" time="0.002" /><testcase classname="qdscreen.tests.test_core" name="test_adjacency_quasi_low_threshold[None-None]" time="0.026" /><testcase classname="qdscreen.tests.test_core" name="test_adjacency_quasi_low_threshold[0.2-None]" time="0.024" /><testcase classname="qdscreen.tests.test_core" name="test_adjacency_quasi_low_threshold[None-0.15]" time="0.035" /><testcase classname="qdscreen.tests.test_core" name="test_adjacency_quasi_high_threshold[0.33-None]" time="0.025" /><testcase classname="qdscreen.tests.test_core" name="test_adjacency_quasi_high_threshold[None-0.21]" time="0.034" /><testcase classname="qdscreen.tests.test_core" name="test_remove_redundancies" time="0.007" /><testcase classname="qdscreen.tests.test_core" name="test_qd_forest[is_np=True-from_adjmat=True]" time="0.002" /><testcase classname="qdscreen.tests.test_core" name="test_qd_forest[is_np=True-from_adjmat=False]" time="0.002" /><testcase classname="qdscreen.tests.test_core" name="test_qd_forest[is_np=False-from_adjmat=True]" time="0.018" /><testcase classname="qdscreen.tests.test_core" name="test_qd_forest[is_np=False-from_adjmat=False]" time="0.020" /><testcase classname="qdscreen.tests.test_core" name="test_qd_forest_str[True-True]" time="0.002" /><testcase classname="qdscreen.tests.test_core" name="test_qd_forest_str[True-False]" time="0.002" /><testcase classname="qdscreen.tests.test_core" name="test_qd_forest_str[False-True]" time="0.021" /><testcase classname="qdscreen.tests.test_core" name="test_qd_forest_str[False-False]" time="0.022" /><testcase classname="qdscreen.tests.test_readme" name="test_encoding" time="0.002" /><testcase classname="qdscreen.tests.test_readme" name="test_readme_simple" time="0.175" /><testcase classname="qdscreen.tests.test_readme" name="test_readme_quasi" time="1.053" /><testcase classname="qdscreen.tests.test_readme" name="test_readme_skl[int]" time="0.085" /><testcase classname="qdscreen.tests.test_readme" name="test_readme_skl[str]" time="0.083" /><testcase classname="qdscreen.tests.test_readme" name="test_readme_skl[mixed]" time="0.001"><skipped message="Mixed dtypes do not exist in numpy unstructured arrays" type="pytest.skip">/home/runner/work/qdscreen/qdscreen/qdscreen/tests/test_readme.py:214: Mixed dtypes do not exist in numpy unstructured arrays</skipped></testcase><testcase classname="qdscreen.tests.test_readme" name="test_readme[pandas]" time="1.013" /><testcase classname="qdscreen.tests.test_readme" name="test_readme[numpy_unstructured]" time="0.916" /></testsuite></testsuites>