<?xml version="1.0" encoding="utf-8"?><testsuites><testsuite errors="0" failures="0" hostname="travis-job-563b70fd-9c39-4922-8117-fa165452690c" name="pytest" skipped="0" tests="20" time="2.848" timestamp="2021-01-29T12:18:37.786942"><testcase classname="qdscreen.tests.test_core" file="qdscreen/tests/test_core.py" line="20" name="test_adjacency_strict" time="0.025"></testcase><testcase classname="qdscreen.tests.test_core" file="qdscreen/tests/test_core.py" line="39" name="test_adjacency_invalid_thresholds" time="0.002"></testcase><testcase classname="qdscreen.tests.test_core" file="qdscreen/tests/test_core.py" line="45" name="test_adjacency_quasi_low_threshold[None-None]" time="0.020"></testcase><testcase classname="qdscreen.tests.test_core" file="qdscreen/tests/test_core.py" line="45" name="test_adjacency_quasi_low_threshold[0.2-None]" time="0.018"></testcase><testcase classname="qdscreen.tests.test_core" file="qdscreen/tests/test_core.py" line="45" name="test_adjacency_quasi_low_threshold[None-0.15]" time="0.024"></testcase><testcase classname="qdscreen.tests.test_core" file="qdscreen/tests/test_core.py" line="62" name="test_adjacency_quasi_high_threshold[0.33-None]" time="0.018"></testcase><testcase classname="qdscreen.tests.test_core" file="qdscreen/tests/test_core.py" line="62" name="test_adjacency_quasi_high_threshold[None-0.21]" time="0.024"></testcase><testcase classname="qdscreen.tests.test_core" file="qdscreen/tests/test_core.py" line="78" name="test_remove_redundancies" time="0.005"></testcase><testcase classname="qdscreen.tests.test_core" file="qdscreen/tests/test_core.py" line="147" name="test_qd_forest[is_np=True-from_adjmat=True]" time="0.002"></testcase><testcase classname="qdscreen.tests.test_core" file="qdscreen/tests/test_core.py" line="147" name="test_qd_forest[is_np=True-from_adjmat=False]" time="0.002"></testcase><testcase classname="qdscreen.tests.test_core" file="qdscreen/tests/test_core.py" line="147" name="test_qd_forest[is_np=False-from_adjmat=True]" time="0.014"></testcase><testcase classname="qdscreen.tests.test_core" file="qdscreen/tests/test_core.py" line="147" name="test_qd_forest[is_np=False-from_adjmat=False]" time="0.015"></testcase><testcase classname="qdscreen.tests.test_core" file="qdscreen/tests/test_core.py" line="211" name="test_qd_forest_str[True-True]" time="0.002"></testcase><testcase classname="qdscreen.tests.test_core" file="qdscreen/tests/test_core.py" line="211" name="test_qd_forest_str[True-False]" time="0.002"></testcase><testcase classname="qdscreen.tests.test_core" file="qdscreen/tests/test_core.py" line="211" name="test_qd_forest_str[False-True]" time="0.016"></testcase><testcase classname="qdscreen.tests.test_core" file="qdscreen/tests/test_core.py" line="211" name="test_qd_forest_str[False-False]" time="0.015"></testcase><testcase classname="qdscreen.tests.test_readme" file="qdscreen/tests/test_readme.py" line="27" name="test_readme_simple" time="0.120"></testcase><testcase classname="qdscreen.tests.test_readme" file="qdscreen/tests/test_readme.py" line="75" name="test_readme_quasi" time="0.119"></testcase><testcase classname="qdscreen.tests.test_readme" file="qdscreen/tests/test_readme.py" line="122" name="test_readme[pandas]" time="0.720"></testcase><testcase classname="qdscreen.tests.test_readme" file="qdscreen/tests/test_readme.py" line="122" name="test_readme[numpy_unstructured]" time="0.604"></testcase></testsuite></testsuites>