<?xml version="1.0" encoding="utf-8"?><testsuites><testsuite errors="0" failures="0" hostname="travis-job-fcc87be9-6abf-408b-acf7-28cfc272b03e" name="pytest" skipped="0" tests="21" time="3.079" timestamp="2021-01-29T17:41:18.613729"><testcase classname="qdscreen.tests.test_core" file="qdscreen/tests/test_core.py" line="21" name="test_adjacency_strict" time="0.027"></testcase><testcase classname="qdscreen.tests.test_core" file="qdscreen/tests/test_core.py" line="40" name="test_adjacency_invalid_thresholds" time="0.003"></testcase><testcase classname="qdscreen.tests.test_core" file="qdscreen/tests/test_core.py" line="46" name="test_adjacency_quasi_low_threshold[None-None]" time="0.019"></testcase><testcase classname="qdscreen.tests.test_core" file="qdscreen/tests/test_core.py" line="46" name="test_adjacency_quasi_low_threshold[0.2-None]" time="0.019"></testcase><testcase classname="qdscreen.tests.test_core" file="qdscreen/tests/test_core.py" line="46" name="test_adjacency_quasi_low_threshold[None-0.15]" time="0.026"></testcase><testcase classname="qdscreen.tests.test_core" file="qdscreen/tests/test_core.py" line="63" name="test_adjacency_quasi_high_threshold[0.33-None]" time="0.019"></testcase><testcase classname="qdscreen.tests.test_core" file="qdscreen/tests/test_core.py" line="63" name="test_adjacency_quasi_high_threshold[None-0.21]" time="0.025"></testcase><testcase classname="qdscreen.tests.test_core" file="qdscreen/tests/test_core.py" line="79" name="test_remove_redundancies" time="0.006"></testcase><testcase classname="qdscreen.tests.test_core" file="qdscreen/tests/test_core.py" line="148" name="test_qd_forest[is_np=True-from_adjmat=True]" time="0.003"></testcase><testcase classname="qdscreen.tests.test_core" file="qdscreen/tests/test_core.py" line="148" name="test_qd_forest[is_np=True-from_adjmat=False]" time="0.002"></testcase><testcase classname="qdscreen.tests.test_core" file="qdscreen/tests/test_core.py" line="148" name="test_qd_forest[is_np=False-from_adjmat=True]" time="0.016"></testcase><testcase classname="qdscreen.tests.test_core" file="qdscreen/tests/test_core.py" line="148" name="test_qd_forest[is_np=False-from_adjmat=False]" time="0.017"></testcase><testcase classname="qdscreen.tests.test_core" file="qdscreen/tests/test_core.py" line="212" name="test_qd_forest_str[True-True]" time="0.003"></testcase><testcase classname="qdscreen.tests.test_core" file="qdscreen/tests/test_core.py" line="212" name="test_qd_forest_str[True-False]" time="0.004"></testcase><testcase classname="qdscreen.tests.test_core" file="qdscreen/tests/test_core.py" line="212" name="test_qd_forest_str[False-True]" time="0.019"></testcase><testcase classname="qdscreen.tests.test_core" file="qdscreen/tests/test_core.py" line="212" name="test_qd_forest_str[False-False]" time="0.018"></testcase><testcase classname="qdscreen.tests.test_readme" file="qdscreen/tests/test_readme.py" line="28" name="test_encoding" time="0.002"></testcase><testcase classname="qdscreen.tests.test_readme" file="qdscreen/tests/test_readme.py" line="36" name="test_readme_simple" time="0.126"></testcase><testcase classname="qdscreen.tests.test_readme" file="qdscreen/tests/test_readme.py" line="84" name="test_readme_quasi" time="0.126"></testcase><testcase classname="qdscreen.tests.test_readme" file="qdscreen/tests/test_readme.py" line="131" name="test_readme[pandas]" time="0.760"></testcase><testcase classname="qdscreen.tests.test_readme" file="qdscreen/tests/test_readme.py" line="131" name="test_readme[numpy_unstructured]" time="0.685"></testcase></testsuite></testsuites>