<?xml version="1.0" encoding="utf-8"?><testsuites><testsuite errors="0" failures="0" hostname="travis-job-eb4491f3-e55b-4c42-89cf-845af415f99e" name="pytest" skipped="0" tests="20" time="2.872" timestamp="2021-01-29T12:04:07.185697"><testcase classname="qdscreen.tests.test_core" file="qdscreen/tests/test_core.py" line="18" name="test_adjacency_strict" time="0.027"></testcase><testcase classname="qdscreen.tests.test_core" file="qdscreen/tests/test_core.py" line="37" name="test_adjacency_invalid_thresholds" time="0.003"></testcase><testcase classname="qdscreen.tests.test_core" file="qdscreen/tests/test_core.py" line="43" name="test_adjacency_quasi_low_threshold[None-None]" time="0.021"></testcase><testcase classname="qdscreen.tests.test_core" file="qdscreen/tests/test_core.py" line="43" name="test_adjacency_quasi_low_threshold[0.2-None]" time="0.019"></testcase><testcase classname="qdscreen.tests.test_core" file="qdscreen/tests/test_core.py" line="43" name="test_adjacency_quasi_low_threshold[None-0.15]" time="0.028"></testcase><testcase classname="qdscreen.tests.test_core" file="qdscreen/tests/test_core.py" line="60" name="test_adjacency_quasi_high_threshold[0.33-None]" time="0.021"></testcase><testcase classname="qdscreen.tests.test_core" file="qdscreen/tests/test_core.py" line="60" name="test_adjacency_quasi_high_threshold[None-0.21]" time="0.028"></testcase><testcase classname="qdscreen.tests.test_core" file="qdscreen/tests/test_core.py" line="76" name="test_remove_redundancies" time="0.007"></testcase><testcase classname="qdscreen.tests.test_core" file="qdscreen/tests/test_core.py" line="145" name="test_qd_forest[is_np=True-from_adjmat=True]" time="0.003"></testcase><testcase classname="qdscreen.tests.test_core" file="qdscreen/tests/test_core.py" line="145" name="test_qd_forest[is_np=True-from_adjmat=False]" time="0.003"></testcase><testcase classname="qdscreen.tests.test_core" file="qdscreen/tests/test_core.py" line="145" name="test_qd_forest[is_np=False-from_adjmat=True]" time="0.017"></testcase><testcase classname="qdscreen.tests.test_core" file="qdscreen/tests/test_core.py" line="145" name="test_qd_forest[is_np=False-from_adjmat=False]" time="0.017"></testcase><testcase classname="qdscreen.tests.test_core" file="qdscreen/tests/test_core.py" line="209" name="test_qd_forest_str[True-True]" time="0.003"></testcase><testcase classname="qdscreen.tests.test_core" file="qdscreen/tests/test_core.py" line="209" name="test_qd_forest_str[True-False]" time="0.003"></testcase><testcase classname="qdscreen.tests.test_core" file="qdscreen/tests/test_core.py" line="209" name="test_qd_forest_str[False-True]" time="0.017"></testcase><testcase classname="qdscreen.tests.test_core" file="qdscreen/tests/test_core.py" line="209" name="test_qd_forest_str[False-False]" time="0.016"></testcase><testcase classname="qdscreen.tests.test_readme" file="qdscreen/tests/test_readme.py" line="25" name="test_readme_simple" time="0.117"></testcase><testcase classname="qdscreen.tests.test_readme" file="qdscreen/tests/test_readme.py" line="73" name="test_readme_quasi" time="0.120"></testcase><testcase classname="qdscreen.tests.test_readme" file="qdscreen/tests/test_readme.py" line="120" name="test_readme[pandas]" time="0.657"></testcase><testcase classname="qdscreen.tests.test_readme" file="qdscreen/tests/test_readme.py" line="120" name="test_readme[numpy_unstructured]" time="0.593"></testcase></testsuite></testsuites>