<?xml version="1.0" encoding="utf-8"?><testsuites><testsuite errors="0" failures="0" hostname="travis-job-e008382d-1205-4f95-bee0-63a57653cb0f" name="pytest" skipped="0" tests="9" time="1.239" timestamp="2021-01-19T20:40:01.851827"><testcase classname="qdscreen.tests.test_core" file="qdscreen/tests/test_core.py" line="17" name="test_adjacency_strict" time="0.029"></testcase><testcase classname="qdscreen.tests.test_core" file="qdscreen/tests/test_core.py" line="36" name="test_adjacency_invalid_thresholds" time="0.002"></testcase><testcase classname="qdscreen.tests.test_core" file="qdscreen/tests/test_core.py" line="42" name="test_adjacency_quasi_low_threshold[None-None]" time="0.021"></testcase><testcase classname="qdscreen.tests.test_core" file="qdscreen/tests/test_core.py" line="42" name="test_adjacency_quasi_low_threshold[0.2-None]" time="0.020"></testcase><testcase classname="qdscreen.tests.test_core" file="qdscreen/tests/test_core.py" line="42" name="test_adjacency_quasi_low_threshold[None-0.15]" time="0.029"></testcase><testcase classname="qdscreen.tests.test_core" file="qdscreen/tests/test_core.py" line="59" name="test_adjacency_quasi_high_threshold[0.33-None]" time="0.020"></testcase><testcase classname="qdscreen.tests.test_core" file="qdscreen/tests/test_core.py" line="59" name="test_adjacency_quasi_high_threshold[None-0.21]" time="0.028"></testcase><testcase classname="qdscreen.tests.test_core" file="qdscreen/tests/test_core.py" line="75" name="test_remove_redundancies" time="0.006"></testcase><testcase classname="qdscreen.tests.test_readme" file="qdscreen/tests/test_readme.py" line="24" name="test_readme" time="0.290"></testcase></testsuite></testsuites>