<?xml version="1.0" encoding="utf-8"?><testsuites><testsuite errors="0" failures="0" hostname="travis-job-b36b974c-e057-4c95-ac86-39ef110475dd" name="pytest" skipped="1" tests="24" time="4.242" timestamp="2021-02-19T23:24:29.337829"><testcase classname="qdscreen.tests.test_core" file="qdscreen/tests/test_core.py" line="22" name="test_adjacency_strict" time="0.026"></testcase><testcase classname="qdscreen.tests.test_core" file="qdscreen/tests/test_core.py" line="41" name="test_adjacency_invalid_thresholds" time="0.002"></testcase><testcase classname="qdscreen.tests.test_core" file="qdscreen/tests/test_core.py" line="47" name="test_adjacency_quasi_low_threshold[None-None]" time="0.019"></testcase><testcase classname="qdscreen.tests.test_core" file="qdscreen/tests/test_core.py" line="47" name="test_adjacency_quasi_low_threshold[0.2-None]" time="0.018"></testcase><testcase classname="qdscreen.tests.test_core" file="qdscreen/tests/test_core.py" line="47" name="test_adjacency_quasi_low_threshold[None-0.15]" time="0.025"></testcase><testcase classname="qdscreen.tests.test_core" file="qdscreen/tests/test_core.py" line="64" name="test_adjacency_quasi_high_threshold[0.33-None]" time="0.019"></testcase><testcase classname="qdscreen.tests.test_core" file="qdscreen/tests/test_core.py" line="64" name="test_adjacency_quasi_high_threshold[None-0.21]" time="0.025"></testcase><testcase classname="qdscreen.tests.test_core" file="qdscreen/tests/test_core.py" line="80" name="test_remove_redundancies" time="0.005"></testcase><testcase classname="qdscreen.tests.test_core" file="qdscreen/tests/test_core.py" line="149" name="test_qd_forest[is_np=True-from_adjmat=True]" time="0.002"></testcase><testcase classname="qdscreen.tests.test_core" file="qdscreen/tests/test_core.py" line="149" name="test_qd_forest[is_np=True-from_adjmat=False]" time="0.002"></testcase><testcase classname="qdscreen.tests.test_core" file="qdscreen/tests/test_core.py" line="149" name="test_qd_forest[is_np=False-from_adjmat=True]" time="0.015"></testcase><testcase classname="qdscreen.tests.test_core" file="qdscreen/tests/test_core.py" line="149" name="test_qd_forest[is_np=False-from_adjmat=False]" time="0.016"></testcase><testcase classname="qdscreen.tests.test_core" file="qdscreen/tests/test_core.py" line="213" name="test_qd_forest_str[True-True]" time="0.002"></testcase><testcase classname="qdscreen.tests.test_core" file="qdscreen/tests/test_core.py" line="213" name="test_qd_forest_str[True-False]" time="0.002"></testcase><testcase classname="qdscreen.tests.test_core" file="qdscreen/tests/test_core.py" line="213" name="test_qd_forest_str[False-True]" time="0.017"></testcase><testcase classname="qdscreen.tests.test_core" file="qdscreen/tests/test_core.py" line="213" name="test_qd_forest_str[False-False]" time="0.016"></testcase><testcase classname="qdscreen.tests.test_readme" file="qdscreen/tests/test_readme.py" line="37" name="test_encoding" time="0.002"></testcase><testcase classname="qdscreen.tests.test_readme" file="qdscreen/tests/test_readme.py" line="51" name="test_readme_simple" time="0.122"></testcase><testcase classname="qdscreen.tests.test_readme" file="qdscreen/tests/test_readme.py" line="100" name="test_readme_quasi" time="1.290"></testcase><testcase classname="qdscreen.tests.test_readme" file="qdscreen/tests/test_readme.py" line="191" name="test_readme_skl[int]" time="0.065"></testcase><testcase classname="qdscreen.tests.test_readme" file="qdscreen/tests/test_readme.py" line="191" name="test_readme_skl[str]" time="0.061"></testcase><testcase classname="qdscreen.tests.test_readme" file="qdscreen/tests/test_readme.py" line="191" name="test_readme_skl[mixed]" time="0.002"><skipped message="Mixed dtypes do not exist in numpy unstructured arrays" type="pytest.skip">/home/travis/build/python-qds/qdscreen/qdscreen/tests/test_readme.py:209: Mixed dtypes do not exist in numpy unstructured arrays</skipped></testcase><testcase classname="qdscreen.tests.test_readme" file="qdscreen/tests/test_readme.py" line="218" name="test_readme[pandas]" time="0.675"></testcase><testcase classname="qdscreen.tests.test_readme" file="qdscreen/tests/test_readme.py" line="218" name="test_readme[numpy_unstructured]" time="0.617"></testcase></testsuite></testsuites>