<?xml version="1.0" encoding="utf-8"?><testsuites><testsuite errors="0" failures="0" hostname="travis-job-651ae8af-1caf-4cf1-b351-fc8eb557a7c9" name="pytest" skipped="0" tests="21" time="2.757" timestamp="2021-01-29T23:58:52.401027"><testcase classname="qdscreen.tests.test_core" file="qdscreen/tests/test_core.py" line="22" name="test_adjacency_strict" time="0.023"></testcase><testcase classname="qdscreen.tests.test_core" file="qdscreen/tests/test_core.py" line="41" name="test_adjacency_invalid_thresholds" time="0.002"></testcase><testcase classname="qdscreen.tests.test_core" file="qdscreen/tests/test_core.py" line="47" name="test_adjacency_quasi_low_threshold[None-None]" time="0.017"></testcase><testcase classname="qdscreen.tests.test_core" file="qdscreen/tests/test_core.py" line="47" name="test_adjacency_quasi_low_threshold[0.2-None]" time="0.018"></testcase><testcase classname="qdscreen.tests.test_core" file="qdscreen/tests/test_core.py" line="47" name="test_adjacency_quasi_low_threshold[None-0.15]" time="0.024"></testcase><testcase classname="qdscreen.tests.test_core" file="qdscreen/tests/test_core.py" line="64" name="test_adjacency_quasi_high_threshold[0.33-None]" time="0.017"></testcase><testcase classname="qdscreen.tests.test_core" file="qdscreen/tests/test_core.py" line="64" name="test_adjacency_quasi_high_threshold[None-0.21]" time="0.023"></testcase><testcase classname="qdscreen.tests.test_core" file="qdscreen/tests/test_core.py" line="80" name="test_remove_redundancies" time="0.005"></testcase><testcase classname="qdscreen.tests.test_core" file="qdscreen/tests/test_core.py" line="149" name="test_qd_forest[is_np=True-from_adjmat=True]" time="0.002"></testcase><testcase classname="qdscreen.tests.test_core" file="qdscreen/tests/test_core.py" line="149" name="test_qd_forest[is_np=True-from_adjmat=False]" time="0.002"></testcase><testcase classname="qdscreen.tests.test_core" file="qdscreen/tests/test_core.py" line="149" name="test_qd_forest[is_np=False-from_adjmat=True]" time="0.013"></testcase><testcase classname="qdscreen.tests.test_core" file="qdscreen/tests/test_core.py" line="149" name="test_qd_forest[is_np=False-from_adjmat=False]" time="0.014"></testcase><testcase classname="qdscreen.tests.test_core" file="qdscreen/tests/test_core.py" line="213" name="test_qd_forest_str[True-True]" time="0.002"></testcase><testcase classname="qdscreen.tests.test_core" file="qdscreen/tests/test_core.py" line="213" name="test_qd_forest_str[True-False]" time="0.002"></testcase><testcase classname="qdscreen.tests.test_core" file="qdscreen/tests/test_core.py" line="213" name="test_qd_forest_str[False-True]" time="0.015"></testcase><testcase classname="qdscreen.tests.test_core" file="qdscreen/tests/test_core.py" line="213" name="test_qd_forest_str[False-False]" time="0.014"></testcase><testcase classname="qdscreen.tests.test_readme" file="qdscreen/tests/test_readme.py" line="28" name="test_encoding" time="0.001"></testcase><testcase classname="qdscreen.tests.test_readme" file="qdscreen/tests/test_readme.py" line="42" name="test_readme_simple" time="0.116"></testcase><testcase classname="qdscreen.tests.test_readme" file="qdscreen/tests/test_readme.py" line="91" name="test_readme_quasi" time="0.116"></testcase><testcase classname="qdscreen.tests.test_readme" file="qdscreen/tests/test_readme.py" line="138" name="test_readme[pandas]" time="0.639"></testcase><testcase classname="qdscreen.tests.test_readme" file="qdscreen/tests/test_readme.py" line="138" name="test_readme[numpy_unstructured]" time="0.580"></testcase></testsuite></testsuites>