<?xml version="1.0" encoding="utf-8"?><testsuites><testsuite errors="0" failures="0" hostname="travis-job-5881de3b-3624-439c-97f7-585f442fcf43" name="pytest" skipped="2" tests="24" time="4.324" timestamp="2021-02-19T22:34:55.551905"><testcase classname="qdscreen.tests.test_core" file="qdscreen/tests/test_core.py" line="22" name="test_adjacency_strict" time="0.026"></testcase><testcase classname="qdscreen.tests.test_core" file="qdscreen/tests/test_core.py" line="41" name="test_adjacency_invalid_thresholds" time="0.002"></testcase><testcase classname="qdscreen.tests.test_core" file="qdscreen/tests/test_core.py" line="47" name="test_adjacency_quasi_low_threshold[None-None]" time="0.019"></testcase><testcase classname="qdscreen.tests.test_core" file="qdscreen/tests/test_core.py" line="47" name="test_adjacency_quasi_low_threshold[0.2-None]" time="0.019"></testcase><testcase classname="qdscreen.tests.test_core" file="qdscreen/tests/test_core.py" line="47" name="test_adjacency_quasi_low_threshold[None-0.15]" time="0.027"></testcase><testcase classname="qdscreen.tests.test_core" file="qdscreen/tests/test_core.py" line="64" name="test_adjacency_quasi_high_threshold[0.33-None]" time="0.020"></testcase><testcase classname="qdscreen.tests.test_core" file="qdscreen/tests/test_core.py" line="64" name="test_adjacency_quasi_high_threshold[None-0.21]" time="0.026"></testcase><testcase classname="qdscreen.tests.test_core" file="qdscreen/tests/test_core.py" line="80" name="test_remove_redundancies" time="0.006"></testcase><testcase classname="qdscreen.tests.test_core" file="qdscreen/tests/test_core.py" line="149" name="test_qd_forest[is_np=True-from_adjmat=True]" time="0.003"></testcase><testcase classname="qdscreen.tests.test_core" file="qdscreen/tests/test_core.py" line="149" name="test_qd_forest[is_np=True-from_adjmat=False]" time="0.002"></testcase><testcase classname="qdscreen.tests.test_core" file="qdscreen/tests/test_core.py" line="149" name="test_qd_forest[is_np=False-from_adjmat=True]" time="0.017"></testcase><testcase classname="qdscreen.tests.test_core" file="qdscreen/tests/test_core.py" line="149" name="test_qd_forest[is_np=False-from_adjmat=False]" time="0.017"></testcase><testcase classname="qdscreen.tests.test_core" file="qdscreen/tests/test_core.py" line="213" name="test_qd_forest_str[True-True]" time="0.002"></testcase><testcase classname="qdscreen.tests.test_core" file="qdscreen/tests/test_core.py" line="213" name="test_qd_forest_str[True-False]" time="0.002"></testcase><testcase classname="qdscreen.tests.test_core" file="qdscreen/tests/test_core.py" line="213" name="test_qd_forest_str[False-True]" time="0.017"></testcase><testcase classname="qdscreen.tests.test_core" file="qdscreen/tests/test_core.py" line="213" name="test_qd_forest_str[False-False]" time="0.017"></testcase><testcase classname="qdscreen.tests.test_readme" file="qdscreen/tests/test_readme.py" line="34" name="test_encoding" time="0.002"></testcase><testcase classname="qdscreen.tests.test_readme" file="qdscreen/tests/test_readme.py" line="48" name="test_readme_simple" time="0.123"></testcase><testcase classname="qdscreen.tests.test_readme" file="qdscreen/tests/test_readme.py" line="97" name="test_readme_quasi" time="1.279"></testcase><testcase classname="qdscreen.tests.test_readme" file="qdscreen/tests/test_readme.py" line="187" name="test_readme_skl[int]" time="0.003"><skipped message="This test currently fails with dtype=int" type="pytest.xfail"></skipped></testcase><testcase classname="qdscreen.tests.test_readme" file="qdscreen/tests/test_readme.py" line="187" name="test_readme_skl[str]" time="0.062"></testcase><testcase classname="qdscreen.tests.test_readme" file="qdscreen/tests/test_readme.py" line="187" name="test_readme_skl[mixed]" time="0.001"><skipped message="Mixed dtypes do not exist in numpy unstructured arrays" type="pytest.skip">/home/travis/build/python-qds/qdscreen/qdscreen/tests/test_readme.py:207: Mixed dtypes do not exist in numpy unstructured arrays</skipped></testcase><testcase classname="qdscreen.tests.test_readme" file="qdscreen/tests/test_readme.py" line="216" name="test_readme[pandas]" time="0.668"></testcase><testcase classname="qdscreen.tests.test_readme" file="qdscreen/tests/test_readme.py" line="216" name="test_readme[numpy_unstructured]" time="0.604"></testcase></testsuite></testsuites>