<?xml version="1.0" encoding="utf-8"?><testsuites><testsuite errors="0" failures="0" hostname="travis-job-06ca33b0-e90c-4da5-af78-888514d46a1c" name="pytest" skipped="0" tests="21" time="2.965" timestamp="2021-01-29T23:33:46.645538"><testcase classname="qdscreen.tests.test_core" file="qdscreen/tests/test_core.py" line="21" name="test_adjacency_strict" time="0.024"></testcase><testcase classname="qdscreen.tests.test_core" file="qdscreen/tests/test_core.py" line="40" name="test_adjacency_invalid_thresholds" time="0.002"></testcase><testcase classname="qdscreen.tests.test_core" file="qdscreen/tests/test_core.py" line="46" name="test_adjacency_quasi_low_threshold[None-None]" time="0.017"></testcase><testcase classname="qdscreen.tests.test_core" file="qdscreen/tests/test_core.py" line="46" name="test_adjacency_quasi_low_threshold[0.2-None]" time="0.017"></testcase><testcase classname="qdscreen.tests.test_core" file="qdscreen/tests/test_core.py" line="46" name="test_adjacency_quasi_low_threshold[None-0.15]" time="0.024"></testcase><testcase classname="qdscreen.tests.test_core" file="qdscreen/tests/test_core.py" line="63" name="test_adjacency_quasi_high_threshold[0.33-None]" time="0.019"></testcase><testcase classname="qdscreen.tests.test_core" file="qdscreen/tests/test_core.py" line="63" name="test_adjacency_quasi_high_threshold[None-0.21]" time="0.025"></testcase><testcase classname="qdscreen.tests.test_core" file="qdscreen/tests/test_core.py" line="79" name="test_remove_redundancies" time="0.007"></testcase><testcase classname="qdscreen.tests.test_core" file="qdscreen/tests/test_core.py" line="148" name="test_qd_forest[is_np=True-from_adjmat=True]" time="0.003"></testcase><testcase classname="qdscreen.tests.test_core" file="qdscreen/tests/test_core.py" line="148" name="test_qd_forest[is_np=True-from_adjmat=False]" time="0.003"></testcase><testcase classname="qdscreen.tests.test_core" file="qdscreen/tests/test_core.py" line="148" name="test_qd_forest[is_np=False-from_adjmat=True]" time="0.016"></testcase><testcase classname="qdscreen.tests.test_core" file="qdscreen/tests/test_core.py" line="148" name="test_qd_forest[is_np=False-from_adjmat=False]" time="0.018"></testcase><testcase classname="qdscreen.tests.test_core" file="qdscreen/tests/test_core.py" line="212" name="test_qd_forest_str[True-True]" time="0.004"></testcase><testcase classname="qdscreen.tests.test_core" file="qdscreen/tests/test_core.py" line="212" name="test_qd_forest_str[True-False]" time="0.003"></testcase><testcase classname="qdscreen.tests.test_core" file="qdscreen/tests/test_core.py" line="212" name="test_qd_forest_str[False-True]" time="0.018"></testcase><testcase classname="qdscreen.tests.test_core" file="qdscreen/tests/test_core.py" line="212" name="test_qd_forest_str[False-False]" time="0.018"></testcase><testcase classname="qdscreen.tests.test_readme" file="qdscreen/tests/test_readme.py" line="28" name="test_encoding" time="0.003"></testcase><testcase classname="qdscreen.tests.test_readme" file="qdscreen/tests/test_readme.py" line="42" name="test_readme_simple" time="0.123"></testcase><testcase classname="qdscreen.tests.test_readme" file="qdscreen/tests/test_readme.py" line="90" name="test_readme_quasi" time="0.130"></testcase><testcase classname="qdscreen.tests.test_readme" file="qdscreen/tests/test_readme.py" line="137" name="test_readme[pandas]" time="0.720"></testcase><testcase classname="qdscreen.tests.test_readme" file="qdscreen/tests/test_readme.py" line="137" name="test_readme[numpy_unstructured]" time="0.642"></testcase></testsuite></testsuites>