<?xml version="1.0" encoding="utf-8"?><testsuites><testsuite errors="0" failures="0" hostname="travis-job-993ba4e4-de45-49a1-88d0-e3946400991f" name="pytest" skipped="0" tests="21" time="2.816" timestamp="2021-01-29T17:16:15.245458"><testcase classname="qdscreen.tests.test_core" file="qdscreen/tests/test_core.py" line="20" name="test_adjacency_strict" time="0.024"></testcase><testcase classname="qdscreen.tests.test_core" file="qdscreen/tests/test_core.py" line="39" name="test_adjacency_invalid_thresholds" time="0.002"></testcase><testcase classname="qdscreen.tests.test_core" file="qdscreen/tests/test_core.py" line="45" name="test_adjacency_quasi_low_threshold[None-None]" time="0.017"></testcase><testcase classname="qdscreen.tests.test_core" file="qdscreen/tests/test_core.py" line="45" name="test_adjacency_quasi_low_threshold[0.2-None]" time="0.017"></testcase><testcase classname="qdscreen.tests.test_core" file="qdscreen/tests/test_core.py" line="45" name="test_adjacency_quasi_low_threshold[None-0.15]" time="0.023"></testcase><testcase classname="qdscreen.tests.test_core" file="qdscreen/tests/test_core.py" line="62" name="test_adjacency_quasi_high_threshold[0.33-None]" time="0.017"></testcase><testcase classname="qdscreen.tests.test_core" file="qdscreen/tests/test_core.py" line="62" name="test_adjacency_quasi_high_threshold[None-0.21]" time="0.023"></testcase><testcase classname="qdscreen.tests.test_core" file="qdscreen/tests/test_core.py" line="78" name="test_remove_redundancies" time="0.005"></testcase><testcase classname="qdscreen.tests.test_core" file="qdscreen/tests/test_core.py" line="147" name="test_qd_forest[is_np=True-from_adjmat=True]" time="0.002"></testcase><testcase classname="qdscreen.tests.test_core" file="qdscreen/tests/test_core.py" line="147" name="test_qd_forest[is_np=True-from_adjmat=False]" time="0.002"></testcase><testcase classname="qdscreen.tests.test_core" file="qdscreen/tests/test_core.py" line="147" name="test_qd_forest[is_np=False-from_adjmat=True]" time="0.014"></testcase><testcase classname="qdscreen.tests.test_core" file="qdscreen/tests/test_core.py" line="147" name="test_qd_forest[is_np=False-from_adjmat=False]" time="0.015"></testcase><testcase classname="qdscreen.tests.test_core" file="qdscreen/tests/test_core.py" line="211" name="test_qd_forest_str[True-True]" time="0.002"></testcase><testcase classname="qdscreen.tests.test_core" file="qdscreen/tests/test_core.py" line="211" name="test_qd_forest_str[True-False]" time="0.002"></testcase><testcase classname="qdscreen.tests.test_core" file="qdscreen/tests/test_core.py" line="211" name="test_qd_forest_str[False-True]" time="0.015"></testcase><testcase classname="qdscreen.tests.test_core" file="qdscreen/tests/test_core.py" line="211" name="test_qd_forest_str[False-False]" time="0.015"></testcase><testcase classname="qdscreen.tests.test_readme" file="qdscreen/tests/test_readme.py" line="28" name="test_encoding" time="0.001"></testcase><testcase classname="qdscreen.tests.test_readme" file="qdscreen/tests/test_readme.py" line="36" name="test_readme_simple" time="0.118"></testcase><testcase classname="qdscreen.tests.test_readme" file="qdscreen/tests/test_readme.py" line="84" name="test_readme_quasi" time="0.120"></testcase><testcase classname="qdscreen.tests.test_readme" file="qdscreen/tests/test_readme.py" line="131" name="test_readme[pandas]" time="0.716"></testcase><testcase classname="qdscreen.tests.test_readme" file="qdscreen/tests/test_readme.py" line="131" name="test_readme[numpy_unstructured]" time="0.619"></testcase></testsuite></testsuites>